Arguments: 
  C:\Program Files\nodejs\node.exe C:\Users\shanlin\AppData\Roaming\npm\node_modules\yarn\bin\yarn.js add webpack webpacl-cli --dev

PATH: 
  C:\WINDOWS\system32;C:\WINDOWS;C:\WINDOWS\System32\Wbem;C:\WINDOWS\System32\WindowsPowerShell\v1.0\;D:\java\jdk1.8.0_121\bin;JAVA_HOME%\bin;%MAVEN_HOME%\bin;D:\java\apache-maven-3.5.0\bin;C:\WINDOWS\System32\OpenSSH\;D:\vscode\Microsoft VS Code\bin;C:\Program Files\Git\cmd;C:\Program Files\nodejs\;C:\ProgramData\chocolatey\bin;C:\Users\shanlin\AppData\Local\Microsoft\WindowsApps;D:\vscode\Microsoft VS Code\bin;C:\Users\shanlin\AppData\Local\BypassRuntm;C:\Users\shanlin\AppData\Roaming\npm

Yarn version: 
  1.22.5

Node version: 
  14.16.0

Platform: 
  win32 x64

Trace: 
  Error: https://registry.yarnpkg.com/webpacl-cli: Not found
      at Request.params.callback [as _callback] (C:\Users\shanlin\AppData\Roaming\npm\node_modules\yarn\lib\cli.js:66988:18)
      at Request.self.callback (C:\Users\shanlin\AppData\Roaming\npm\node_modules\yarn\lib\cli.js:140662:22)
      at Request.emit (events.js:315:20)
      at Request.<anonymous> (C:\Users\shanlin\AppData\Roaming\npm\node_modules\yarn\lib\cli.js:141634:10)
      at Request.emit (events.js:315:20)
      at IncomingMessage.<anonymous> (C:\Users\shanlin\AppData\Roaming\npm\node_modules\yarn\lib\cli.js:141556:12)
      at Object.onceWrapper (events.js:421:28)
      at IncomingMessage.emit (events.js:327:22)
      at endReadableNT (internal/streams/readable.js:1327:12)
      at processTicksAndRejections (internal/process/task_queues.js:80:21)

npm manifest: 
  {
    "name": "vue-app-base",
    "version": "0.1.0",
    "private": true,
    "scripts": {
      "serve": "echo \"请使用 Webpack Dev Server 实现此任务\"",
      "build": "echo \"请使用 Webpack 实现此任务\"",
      "lint": "echo \"请使用 ESLint 实现此任务\""
    },
    "dependencies": {
      "core-js": "^3.6.5",
      "vue": "^2.6.11"
    },
    "devDependencies": {
    },
    "eslintConfig": {
      "root": true,
      "env": {
        "node": true
      },
      "extends": [
        "plugin:vue/essential",
        "eslint:recommended"
      ],
      "parserOptions": {
        "parser": "babel-eslint"
      },
      "rules": {}
    },
    "browserslist": [
      "> 1%",
      "last 2 versions",
      "not dead"
    ]
  }

yarn manifest: 
  No manifest

Lockfile: 
  No lockfile
